[debug] [2020-11-04T05:25:21.305Z] ----------------------------------------------------------------------
[debug] [2020-11-04T05:25:21.308Z] Command:       /usr/local/bin/firebase /Users/jinyeongpark/.cache/firebase/tools/lib/node_modules/firebase-tools/lib/bin/firebase emulators:start
[debug] [2020-11-04T05:25:21.309Z] CLI Version:   8.14.1
[debug] [2020-11-04T05:25:21.309Z] Platform:      darwin
[debug] [2020-11-04T05:25:21.309Z] Node Version:  v12.18.1
[debug] [2020-11-04T05:25:21.316Z] Time:          Tue Nov 03 2020 21:25:21 GMT-0800 (Pacific Standard Time)
[debug] [2020-11-04T05:25:21.317Z] ----------------------------------------------------------------------
[debug] [2020-11-04T05:25:21.317Z] 
[debug] [2020-11-04T05:25:21.326Z] > command requires scopes: ["email","openid","https://www.googleapis.com/auth/cloudplatformprojects.readonly","https://www.googleapis.com/auth/firebase","https://www.googleapis.com/auth/cloud-platform"]
[debug] [2020-11-04T05:25:21.327Z] > authorizing via signed-in user
[info] i  emulators: Starting emulators: functions, hosting {"metadata":{"emulator":{"name":"hub"},"message":"Starting emulators: functions, hosting"}}
[debug] [2020-11-04T05:25:21.361Z] [hub] writing locator at /var/folders/vm/2wlbl3vj4pq7rv6rmqwnh2540000gn/T/hub-e-commerce-scart.json
[warn] ⚠  functions: The following emulators are not running, calls to these services from the Functions emulator will affect production: auth, firestore, database, pubsub {"metadata":{"emulator":{"name":"functions"},"message":"The following emulators are not running, calls to these services from the Functions emulator will affect production: \u001b[1mauth, firestore, database, pubsub\u001b[22m"}}
[info] ✔  functions: Using node@12 from host. {"metadata":{"emulator":{"name":"functions"},"message":"Using node@12 from host."}}
[debug] [2020-11-04T05:25:21.412Z] defaultcredentials: writing to file /Users/jinyeongpark/.config/firebase/jinyeongpark1205_gmail_com_application_default_credentials.json
[debug] [2020-11-04T05:25:21.418Z] Setting GAC to /Users/jinyeongpark/.config/firebase/jinyeongpark1205_gmail_com_application_default_credentials.json {"metadata":{"emulator":{"name":"functions"},"message":"Setting GAC to /Users/jinyeongpark/.config/firebase/jinyeongpark1205_gmail_com_application_default_credentials.json"}}
[debug] [2020-11-04T05:25:21.460Z] > refreshing access token with scopes: ["email","https://www.googleapis.com/auth/cloud-platform","https://www.googleapis.com/auth/cloudplatformprojects.readonly","https://www.googleapis.com/auth/firebase","openid"]
[debug] [2020-11-04T05:25:21.461Z] >>> HTTP REQUEST POST https://www.googleapis.com/oauth2/v3/token  
 <request body omitted>
[debug] [2020-11-04T05:25:22.151Z] <<< HTTP RESPONSE 200 {"pragma":"no-cache","cache-control":"no-cache, no-store, max-age=0, must-revalidate","expires":"Mon, 01 Jan 1990 00:00:00 GMT","date":"Wed, 04 Nov 2020 05:25:21 GMT","content-type":"application/json; charset=utf-8","vary":"X-Origin, Referer, Origin,Accept-Encoding","server":"scaffolding on HTTPServer2","x-xss-protection":"0","x-frame-options":"SAMEORIGIN","x-content-type-options":"nosniff","alt-svc":"h3-Q050=\":443\"; ma=2592000,h3-29=\":443\"; ma=2592000,h3-T051=\":443\"; ma=2592000,h3-Q046=\":443\"; ma=2592000,h3-Q043=\":443\"; ma=2592000,quic=\":443\"; ma=2592000; v=\"46,43\"","accept-ranges":"none","transfer-encoding":"chunked"}
[debug] [2020-11-04T05:25:22.164Z] >>> HTTP REQUEST GET https://firebase.googleapis.com/v1beta1/projects/e-commerce-scart/webApps/-/config  
 
[debug] [2020-11-04T05:25:22.878Z] <<< HTTP RESPONSE 200 {"content-type":"application/json; charset=UTF-8","vary":"X-Origin, Referer, Origin,Accept-Encoding","date":"Wed, 04 Nov 2020 05:25:22 GMT","server":"ESF","cache-control":"private","x-xss-protection":"0","x-frame-options":"SAMEORIGIN","x-content-type-options":"nosniff","alt-svc":"h3-Q050=\":443\"; ma=2592000,h3-29=\":443\"; ma=2592000,h3-T051=\":443\"; ma=2592000,h3-Q046=\":443\"; ma=2592000,h3-Q043=\":443\"; ma=2592000,quic=\":443\"; ma=2592000; v=\"46,43\"","accept-ranges":"none","transfer-encoding":"chunked"}
[info] i  hosting: Serving hosting files from: build {"metadata":{"emulator":{"name":"hosting"},"message":"Serving hosting files from: \u001b[1mbuild\u001b[22m"}}
[info] ✔  hosting: Local server: http://localhost:5000 {"metadata":{"emulator":{"name":"hosting"},"message":"Local server: \u001b[4m\u001b[1mhttp://localhost:5000\u001b[22m\u001b[24m"}}
[debug] [2020-11-04T05:25:23.056Z] Ignoring unsupported arg: auto_download {"metadata":{"emulator":{"name":"ui"},"message":"Ignoring unsupported arg: auto_download"}}
[debug] [2020-11-04T05:25:23.056Z] Ignoring unsupported arg: port {"metadata":{"emulator":{"name":"ui"},"message":"Ignoring unsupported arg: port"}}
[debug] [2020-11-04T05:25:23.056Z] Starting Emulator UI with command {"binary":"node","args":["/Users/jinyeongpark/.cache/firebase/emulators/ui-v1.2.2/server.bundle.js"],"optionalArgs":[],"joinArgs":false} {"metadata":{"emulator":{"name":"ui"},"message":"Starting Emulator UI with command {\"binary\":\"node\",\"args\":[\"/Users/jinyeongpark/.cache/firebase/emulators/ui-v1.2.2/server.bundle.js\"],\"optionalArgs\":[],\"joinArgs\":false}"}}
[info] i  ui: Emulator UI logging to ui-debug.log {"metadata":{"emulator":{"name":"ui"},"message":"Emulator UI logging to \u001b[1mui-debug.log\u001b[22m"}}
[debug] [2020-11-04T05:25:23.489Z] Web / API server started at http://localhost:4000
 {"metadata":{"emulator":{"name":"ui"},"message":"Web / API server started at http://localhost:4000\n"}}
[info] i  functions: Watching "/Users/jinyeongpark/Documents/0_HRSF130_Aug/W11_MVP/s-cart-store/functions" for Cloud Functions... {"metadata":{"emulator":{"name":"functions"},"message":"Watching \"/Users/jinyeongpark/Documents/0_HRSF130_Aug/W11_MVP/s-cart-store/functions\" for Cloud Functions..."}}
[debug] [2020-11-04T05:25:23.647Z] [worker-pool] addWorker(~diagnostic~) {"metadata":{"emulator":{"name":"functions"},"message":"[worker-pool] addWorker(~diagnostic~)"}}
[debug] [2020-11-04T05:25:23.648Z] [worker-pool] Adding worker with key ~diagnostic~, total=1 {"metadata":{"emulator":{"name":"functions"},"message":"[worker-pool] Adding worker with key ~diagnostic~, total=1"}}
[debug] [2020-11-04T05:25:23.648Z] [worker-pool] submitWork(triggerId=) {"metadata":{"emulator":{"name":"functions"},"message":"[worker-pool] submitWork(triggerId=)"}}
[debug] [2020-11-04T05:25:23.649Z] [worker-~diagnostic~-ebc979d5-c459-4ffb-961b-eed2ee1d69a1]: Assigning socketPath: /var/folders/vm/2wlbl3vj4pq7rv6rmqwnh2540000gn/T/fire_emu_13357.sock {"metadata":{"emulator":{"name":"functions"},"message":"[worker-~diagnostic~-ebc979d5-c459-4ffb-961b-eed2ee1d69a1]: Assigning socketPath: /var/folders/vm/2wlbl3vj4pq7rv6rmqwnh2540000gn/T/fire_emu_13357.sock"}}
[debug] [2020-11-04T05:25:23.649Z] [worker-~diagnostic~-ebc979d5-c459-4ffb-961b-eed2ee1d69a1]: BUSY {"metadata":{"emulator":{"name":"functions"},"message":"[worker-~diagnostic~-ebc979d5-c459-4ffb-961b-eed2ee1d69a1]: BUSY"}}
[debug] [2020-11-04T05:25:24.602Z] [runtime-status] [13357] Functions runtime initialized. {"cwd":"/Users/jinyeongpark/Documents/0_HRSF130_Aug/W11_MVP/s-cart-store/functions","node_version":"12.18.1"} {"metadata":{"emulator":{"name":"functions"},"message":"[runtime-status] [13357] Functions runtime initialized. {\"cwd\":\"/Users/jinyeongpark/Documents/0_HRSF130_Aug/W11_MVP/s-cart-store/functions\",\"node_version\":\"12.18.1\"}"}}
[debug] [2020-11-04T05:25:24.603Z] [runtime-status] [13357] Disabled runtime features: undefined {"metadata":{"emulator":{"name":"functions"},"message":"[runtime-status] [13357] Disabled runtime features: undefined"}}
[debug] [2020-11-04T05:25:24.618Z] [runtime-status] [13357] Resolved module firebase-admin {"declared":true,"installed":true,"version":"9.3.0","resolution":"/Users/jinyeongpark/Documents/0_HRSF130_Aug/W11_MVP/s-cart-store/functions/node_modules/firebase-admin/lib/index.js"} {"metadata":{"emulator":{"name":"functions"},"message":"[runtime-status] [13357] Resolved module firebase-admin {\"declared\":true,\"installed\":true,\"version\":\"9.3.0\",\"resolution\":\"/Users/jinyeongpark/Documents/0_HRSF130_Aug/W11_MVP/s-cart-store/functions/node_modules/firebase-admin/lib/index.js\"}"}}
[debug] [2020-11-04T05:25:24.647Z] [runtime-status] [13357] Resolved module firebase-functions {"declared":true,"installed":true,"version":"3.11.0","resolution":"/Users/jinyeongpark/Documents/0_HRSF130_Aug/W11_MVP/s-cart-store/functions/node_modules/firebase-functions/lib/index.js"} {"metadata":{"emulator":{"name":"functions"},"message":"[runtime-status] [13357] Resolved module firebase-functions {\"declared\":true,\"installed\":true,\"version\":\"3.11.0\",\"resolution\":\"/Users/jinyeongpark/Documents/0_HRSF130_Aug/W11_MVP/s-cart-store/functions/node_modules/firebase-functions/lib/index.js\"}"}}
[debug] [2020-11-04T05:25:24.648Z] [runtime-status] [13357] Resolved module firebase-functions {"declared":true,"installed":true,"version":"3.11.0","resolution":"/Users/jinyeongpark/Documents/0_HRSF130_Aug/W11_MVP/s-cart-store/functions/node_modules/firebase-functions/lib/index.js"} {"metadata":{"emulator":{"name":"functions"},"message":"[runtime-status] [13357] Resolved module firebase-functions {\"declared\":true,\"installed\":true,\"version\":\"3.11.0\",\"resolution\":\"/Users/jinyeongpark/Documents/0_HRSF130_Aug/W11_MVP/s-cart-store/functions/node_modules/firebase-functions/lib/index.js\"}"}}
[debug] [2020-11-04T05:25:24.651Z] [runtime-status] [13357] Outgoing network have been stubbed. [{"name":"http","status":"mocked"},{"name":"http","status":"mocked"},{"name":"https","status":"mocked"},{"name":"https","status":"mocked"},{"name":"net","status":"mocked"}] {"metadata":{"emulator":{"name":"functions"},"message":"[runtime-status] [13357] Outgoing network have been stubbed. [{\"name\":\"http\",\"status\":\"mocked\"},{\"name\":\"http\",\"status\":\"mocked\"},{\"name\":\"https\",\"status\":\"mocked\"},{\"name\":\"https\",\"status\":\"mocked\"},{\"name\":\"net\",\"status\":\"mocked\"}]"}}
[debug] [2020-11-04T05:25:24.652Z] [runtime-status] [13357] Resolved module firebase-functions {"declared":true,"installed":true,"version":"3.11.0","resolution":"/Users/jinyeongpark/Documents/0_HRSF130_Aug/W11_MVP/s-cart-store/functions/node_modules/firebase-functions/lib/index.js"} {"metadata":{"emulator":{"name":"functions"},"message":"[runtime-status] [13357] Resolved module firebase-functions {\"declared\":true,\"installed\":true,\"version\":\"3.11.0\",\"resolution\":\"/Users/jinyeongpark/Documents/0_HRSF130_Aug/W11_MVP/s-cart-store/functions/node_modules/firebase-functions/lib/index.js\"}"}}
[debug] [2020-11-04T05:25:25.450Z] [runtime-status] [13357] Checked functions.config() {"config":{}} {"metadata":{"emulator":{"name":"functions"},"message":"[runtime-status] [13357] Checked functions.config() {\"config\":{}}"}}
[debug] [2020-11-04T05:25:25.451Z] [runtime-status] [13357] firebase-functions has been stubbed. {"functionsResolution":{"declared":true,"installed":true,"version":"3.11.0","resolution":"/Users/jinyeongpark/Documents/0_HRSF130_Aug/W11_MVP/s-cart-store/functions/node_modules/firebase-functions/lib/index.js"}} {"metadata":{"emulator":{"name":"functions"},"message":"[runtime-status] [13357] firebase-functions has been stubbed. {\"functionsResolution\":{\"declared\":true,\"installed\":true,\"version\":\"3.11.0\",\"resolution\":\"/Users/jinyeongpark/Documents/0_HRSF130_Aug/W11_MVP/s-cart-store/functions/node_modules/firebase-functions/lib/index.js\"}}"}}
[debug] [2020-11-04T05:25:25.452Z] [runtime-status] [13357] Resolved module firebase-functions {"declared":true,"installed":true,"version":"3.11.0","resolution":"/Users/jinyeongpark/Documents/0_HRSF130_Aug/W11_MVP/s-cart-store/functions/node_modules/firebase-functions/lib/index.js"} {"metadata":{"emulator":{"name":"functions"},"message":"[runtime-status] [13357] Resolved module firebase-functions {\"declared\":true,\"installed\":true,\"version\":\"3.11.0\",\"resolution\":\"/Users/jinyeongpark/Documents/0_HRSF130_Aug/W11_MVP/s-cart-store/functions/node_modules/firebase-functions/lib/index.js\"}"}}
[debug] [2020-11-04T05:25:25.452Z] [runtime-status] [13357] Resolved module firebase-admin {"declared":true,"installed":true,"version":"9.3.0","resolution":"/Users/jinyeongpark/Documents/0_HRSF130_Aug/W11_MVP/s-cart-store/functions/node_modules/firebase-admin/lib/index.js"} {"metadata":{"emulator":{"name":"functions"},"message":"[runtime-status] [13357] Resolved module firebase-admin {\"declared\":true,\"installed\":true,\"version\":\"9.3.0\",\"resolution\":\"/Users/jinyeongpark/Documents/0_HRSF130_Aug/W11_MVP/s-cart-store/functions/node_modules/firebase-admin/lib/index.js\"}"}}
[debug] [2020-11-04T05:25:25.453Z] [runtime-status] [13357] Resolved module firebase-functions {"declared":true,"installed":true,"version":"3.11.0","resolution":"/Users/jinyeongpark/Documents/0_HRSF130_Aug/W11_MVP/s-cart-store/functions/node_modules/firebase-functions/lib/index.js"} {"metadata":{"emulator":{"name":"functions"},"message":"[runtime-status] [13357] Resolved module firebase-functions {\"declared\":true,\"installed\":true,\"version\":\"3.11.0\",\"resolution\":\"/Users/jinyeongpark/Documents/0_HRSF130_Aug/W11_MVP/s-cart-store/functions/node_modules/firebase-functions/lib/index.js\"}"}}
[debug] [2020-11-04T05:25:25.454Z] [runtime-status] [13357] firebase-admin has been stubbed. {"adminResolution":{"declared":true,"installed":true,"version":"9.3.0","resolution":"/Users/jinyeongpark/Documents/0_HRSF130_Aug/W11_MVP/s-cart-store/functions/node_modules/firebase-admin/lib/index.js"}} {"metadata":{"emulator":{"name":"functions"},"message":"[runtime-status] [13357] firebase-admin has been stubbed. {\"adminResolution\":{\"declared\":true,\"installed\":true,\"version\":\"9.3.0\",\"resolution\":\"/Users/jinyeongpark/Documents/0_HRSF130_Aug/W11_MVP/s-cart-store/functions/node_modules/firebase-admin/lib/index.js\"}}"}}
[info] ✔  functions[api]: http function initialized (http://localhost:5001/e-commerce-scart/us-central1/api). {"metadata":{"emulator":{"name":"functions"},"message":"\u001b[1mhttp\u001b[22m function initialized (http://localhost:5001/e-commerce-scart/us-central1/api)."}}
[info] 
┌───────────────────────────────────────────────────────────────────────┐
│ ✔  All emulators ready! View status and logs at http://localhost:4000 │
└───────────────────────────────────────────────────────────────────────┘

┌───────────┬────────────────┬─────────────────────────────────┐
│ Emulator  │ Host:Port      │ View in Emulator UI             │
├───────────┼────────────────┼─────────────────────────────────┤
│ Functions │ localhost:5001 │ http://localhost:4000/functions │
├───────────┼────────────────┼─────────────────────────────────┤
│ Hosting   │ localhost:5000 │ n/a                             │
└───────────┴────────────────┴─────────────────────────────────┘
  Other reserved ports: 4400, 4500

Issues? Report them at https://github.com/firebase/firebase-tools/issues and attach the *-debug.log files.
 
[debug] [2020-11-04T05:25:28.003Z] [worker-~diagnostic~-ebc979d5-c459-4ffb-961b-eed2ee1d69a1]: IDLE {"metadata":{"emulator":{"name":"functions"},"message":"[worker-~diagnostic~-ebc979d5-c459-4ffb-961b-eed2ee1d69a1]: IDLE"}}
[debug] [2020-11-04T05:25:57.233Z] [work-queue] {"queueLength":1,"workRunningCount":0}
[debug] [2020-11-04T05:25:57.234Z] [work-queue] {"queueLength":0,"workRunningCount":1}
[debug] [2020-11-04T05:25:57.234Z] Accepted request POST /e-commerce-scart/us-central1/api/payments/create?total=9000 --> api
[debug] [2020-11-04T05:25:57.649Z] [worker-pool] addWorker(api) {"metadata":{"emulator":{"name":"functions"},"message":"[worker-pool] addWorker(api)"}}
[debug] [2020-11-04T05:25:57.650Z] [worker-pool] Adding worker with key api, total=1 {"metadata":{"emulator":{"name":"functions"},"message":"[worker-pool] Adding worker with key api, total=1"}}
[debug] [2020-11-04T05:25:57.650Z] [worker-pool] submitWork(triggerId=api) {"metadata":{"emulator":{"name":"functions"},"message":"[worker-pool] submitWork(triggerId=api)"}}
[debug] [2020-11-04T05:25:57.650Z] [worker-api-9203ea9d-7bcc-4f8b-99d0-e377a5d759a5]: Assigning socketPath: /var/folders/vm/2wlbl3vj4pq7rv6rmqwnh2540000gn/T/fire_emu_13363.sock {"metadata":{"emulator":{"name":"functions"},"message":"[worker-api-9203ea9d-7bcc-4f8b-99d0-e377a5d759a5]: Assigning socketPath: /var/folders/vm/2wlbl3vj4pq7rv6rmqwnh2540000gn/T/fire_emu_13363.sock"}}
[debug] [2020-11-04T05:25:57.650Z] [worker-api-9203ea9d-7bcc-4f8b-99d0-e377a5d759a5]: BUSY {"metadata":{"emulator":{"name":"functions"},"message":"[worker-api-9203ea9d-7bcc-4f8b-99d0-e377a5d759a5]: BUSY"}}
[debug] [2020-11-04T05:25:59.446Z] [runtime-status] [13363] Functions runtime initialized. {"cwd":"/Users/jinyeongpark/Documents/0_HRSF130_Aug/W11_MVP/s-cart-store/functions","node_version":"12.18.1"} {"metadata":{"emulator":{"name":"functions"},"function":{"name":"api"},"message":"[runtime-status] [13363] Functions runtime initialized. {\"cwd\":\"/Users/jinyeongpark/Documents/0_HRSF130_Aug/W11_MVP/s-cart-store/functions\",\"node_version\":\"12.18.1\"}"}}
[debug] [2020-11-04T05:25:59.448Z] [runtime-status] [13363] Disabled runtime features: undefined {"metadata":{"emulator":{"name":"functions"},"function":{"name":"api"},"message":"[runtime-status] [13363] Disabled runtime features: undefined"}}
[debug] [2020-11-04T05:25:59.455Z] [runtime-status] [13363] Resolved module firebase-admin {"declared":true,"installed":true,"version":"9.3.0","resolution":"/Users/jinyeongpark/Documents/0_HRSF130_Aug/W11_MVP/s-cart-store/functions/node_modules/firebase-admin/lib/index.js"} {"metadata":{"emulator":{"name":"functions"},"function":{"name":"api"},"message":"[runtime-status] [13363] Resolved module firebase-admin {\"declared\":true,\"installed\":true,\"version\":\"9.3.0\",\"resolution\":\"/Users/jinyeongpark/Documents/0_HRSF130_Aug/W11_MVP/s-cart-store/functions/node_modules/firebase-admin/lib/index.js\"}"}}
[debug] [2020-11-04T05:25:59.460Z] [runtime-status] [13363] Resolved module firebase-functions {"declared":true,"installed":true,"version":"3.11.0","resolution":"/Users/jinyeongpark/Documents/0_HRSF130_Aug/W11_MVP/s-cart-store/functions/node_modules/firebase-functions/lib/index.js"} {"metadata":{"emulator":{"name":"functions"},"function":{"name":"api"},"message":"[runtime-status] [13363] Resolved module firebase-functions {\"declared\":true,\"installed\":true,\"version\":\"3.11.0\",\"resolution\":\"/Users/jinyeongpark/Documents/0_HRSF130_Aug/W11_MVP/s-cart-store/functions/node_modules/firebase-functions/lib/index.js\"}"}}
[debug] [2020-11-04T05:25:59.464Z] [runtime-status] [13363] Resolved module firebase-functions {"declared":true,"installed":true,"version":"3.11.0","resolution":"/Users/jinyeongpark/Documents/0_HRSF130_Aug/W11_MVP/s-cart-store/functions/node_modules/firebase-functions/lib/index.js"} {"metadata":{"emulator":{"name":"functions"},"function":{"name":"api"},"message":"[runtime-status] [13363] Resolved module firebase-functions {\"declared\":true,\"installed\":true,\"version\":\"3.11.0\",\"resolution\":\"/Users/jinyeongpark/Documents/0_HRSF130_Aug/W11_MVP/s-cart-store/functions/node_modules/firebase-functions/lib/index.js\"}"}}
[debug] [2020-11-04T05:25:59.469Z] [runtime-status] [13363] Outgoing network have been stubbed. [{"name":"http","status":"mocked"},{"name":"http","status":"mocked"},{"name":"https","status":"mocked"},{"name":"https","status":"mocked"},{"name":"net","status":"mocked"}] {"metadata":{"emulator":{"name":"functions"},"function":{"name":"api"},"message":"[runtime-status] [13363] Outgoing network have been stubbed. [{\"name\":\"http\",\"status\":\"mocked\"},{\"name\":\"http\",\"status\":\"mocked\"},{\"name\":\"https\",\"status\":\"mocked\"},{\"name\":\"https\",\"status\":\"mocked\"},{\"name\":\"net\",\"status\":\"mocked\"}]"}}
[debug] [2020-11-04T05:25:59.471Z] [runtime-status] [13363] Resolved module firebase-functions {"declared":true,"installed":true,"version":"3.11.0","resolution":"/Users/jinyeongpark/Documents/0_HRSF130_Aug/W11_MVP/s-cart-store/functions/node_modules/firebase-functions/lib/index.js"} {"metadata":{"emulator":{"name":"functions"},"function":{"name":"api"},"message":"[runtime-status] [13363] Resolved module firebase-functions {\"declared\":true,\"installed\":true,\"version\":\"3.11.0\",\"resolution\":\"/Users/jinyeongpark/Documents/0_HRSF130_Aug/W11_MVP/s-cart-store/functions/node_modules/firebase-functions/lib/index.js\"}"}}
[debug] [2020-11-04T05:25:59.594Z] [runtime-status] [13363] Checked functions.config() {"config":{}} {"metadata":{"emulator":{"name":"functions"},"function":{"name":"api"},"message":"[runtime-status] [13363] Checked functions.config() {\"config\":{}}"}}
[debug] [2020-11-04T05:25:59.595Z] [runtime-status] [13363] firebase-functions has been stubbed. {"functionsResolution":{"declared":true,"installed":true,"version":"3.11.0","resolution":"/Users/jinyeongpark/Documents/0_HRSF130_Aug/W11_MVP/s-cart-store/functions/node_modules/firebase-functions/lib/index.js"}} {"metadata":{"emulator":{"name":"functions"},"function":{"name":"api"},"message":"[runtime-status] [13363] firebase-functions has been stubbed. {\"functionsResolution\":{\"declared\":true,\"installed\":true,\"version\":\"3.11.0\",\"resolution\":\"/Users/jinyeongpark/Documents/0_HRSF130_Aug/W11_MVP/s-cart-store/functions/node_modules/firebase-functions/lib/index.js\"}}"}}
[debug] [2020-11-04T05:25:59.596Z] [runtime-status] [13363] Resolved module firebase-functions {"declared":true,"installed":true,"version":"3.11.0","resolution":"/Users/jinyeongpark/Documents/0_HRSF130_Aug/W11_MVP/s-cart-store/functions/node_modules/firebase-functions/lib/index.js"} {"metadata":{"emulator":{"name":"functions"},"function":{"name":"api"},"message":"[runtime-status] [13363] Resolved module firebase-functions {\"declared\":true,\"installed\":true,\"version\":\"3.11.0\",\"resolution\":\"/Users/jinyeongpark/Documents/0_HRSF130_Aug/W11_MVP/s-cart-store/functions/node_modules/firebase-functions/lib/index.js\"}"}}
[debug] [2020-11-04T05:25:59.598Z] [runtime-status] [13363] Resolved module firebase-admin {"declared":true,"installed":true,"version":"9.3.0","resolution":"/Users/jinyeongpark/Documents/0_HRSF130_Aug/W11_MVP/s-cart-store/functions/node_modules/firebase-admin/lib/index.js"} {"metadata":{"emulator":{"name":"functions"},"function":{"name":"api"},"message":"[runtime-status] [13363] Resolved module firebase-admin {\"declared\":true,\"installed\":true,\"version\":\"9.3.0\",\"resolution\":\"/Users/jinyeongpark/Documents/0_HRSF130_Aug/W11_MVP/s-cart-store/functions/node_modules/firebase-admin/lib/index.js\"}"}}
[debug] [2020-11-04T05:25:59.599Z] [runtime-status] [13363] Resolved module firebase-functions {"declared":true,"installed":true,"version":"3.11.0","resolution":"/Users/jinyeongpark/Documents/0_HRSF130_Aug/W11_MVP/s-cart-store/functions/node_modules/firebase-functions/lib/index.js"} {"metadata":{"emulator":{"name":"functions"},"function":{"name":"api"},"message":"[runtime-status] [13363] Resolved module firebase-functions {\"declared\":true,\"installed\":true,\"version\":\"3.11.0\",\"resolution\":\"/Users/jinyeongpark/Documents/0_HRSF130_Aug/W11_MVP/s-cart-store/functions/node_modules/firebase-functions/lib/index.js\"}"}}
[debug] [2020-11-04T05:25:59.599Z] [runtime-status] [13363] firebase-admin has been stubbed. {"adminResolution":{"declared":true,"installed":true,"version":"9.3.0","resolution":"/Users/jinyeongpark/Documents/0_HRSF130_Aug/W11_MVP/s-cart-store/functions/node_modules/firebase-admin/lib/index.js"}} {"metadata":{"emulator":{"name":"functions"},"function":{"name":"api"},"message":"[runtime-status] [13363] firebase-admin has been stubbed. {\"adminResolution\":{\"declared\":true,\"installed\":true,\"version\":\"9.3.0\",\"resolution\":\"/Users/jinyeongpark/Documents/0_HRSF130_Aug/W11_MVP/s-cart-store/functions/node_modules/firebase-admin/lib/index.js\"}}"}}
[debug] [2020-11-04T05:26:00.037Z] [runtime-status] [13363] Trigger "api" has been found, beginning invocation! {"metadata":{"emulator":{"name":"functions"},"function":{"name":"api"},"message":"[runtime-status] [13363] Trigger \"api\" has been found, beginning invocation!"}}
[info] i  functions: Beginning execution of "api" {"metadata":{"emulator":{"name":"functions"},"function":{"name":"api"},"message":"Beginning execution of \"api\""}}
[debug] [2020-11-04T05:26:00.039Z] [runtime-status] [13363] triggerDefinition {"httpsTrigger":{},"name":"api","entryPoint":"api"} {"metadata":{"emulator":{"name":"functions"},"function":{"name":"api"},"message":"[runtime-status] [13363] triggerDefinition {\"httpsTrigger\":{},\"name\":\"api\",\"entryPoint\":\"api\"}"}}
[debug] [2020-11-04T05:26:00.039Z] [runtime-status] [13363] Running api in mode HTTPS {"metadata":{"emulator":{"name":"functions"},"function":{"name":"api"},"message":"[runtime-status] [13363] Running api in mode HTTPS"}}
[debug] [2020-11-04T05:26:00.064Z] [runtime-status] [13363] Attempting to listen to socketPath: /var/folders/vm/2wlbl3vj4pq7rv6rmqwnh2540000gn/T/fire_emu_13363.sock {"metadata":{"emulator":{"name":"functions"},"function":{"name":"api"},"message":"[runtime-status] [13363] Attempting to listen to socketPath: /var/folders/vm/2wlbl3vj4pq7rv6rmqwnh2540000gn/T/fire_emu_13363.sock"}}
[debug] [2020-11-04T05:26:00.096Z] [functions] Runtime ready! Sending request! {"metadata":{"emulator":{"name":"functions"},"message":"[functions] Runtime ready! Sending request!"}}
[debug] [2020-11-04T05:26:00.130Z] [runtime-status] [13363] Ephemeral server handling POST request {"metadata":{"emulator":{"name":"functions"},"function":{"name":"api"},"message":"[runtime-status] [13363] Ephemeral server handling POST request"}}
[info] >  Payment Request Received, total: 9000 {"user":"Payment Request Received, total: 9000","metadata":{"emulator":{"name":"functions"},"function":{"name":"api"},"message":"\u001b[90m> \u001b[39m Payment Request Received, total: 9000"}}
[debug] [2020-11-04T05:26:00.200Z] [runtime-status] [13363] Ephemeral server survived. {"metadata":{"emulator":{"name":"functions"},"function":{"name":"api"},"message":"[runtime-status] [13363] Ephemeral server survived."}}
[info] i  functions: Finished "api" in ~1s {"metadata":{"emulator":{"name":"functions"},"function":{"name":"api"},"message":"Finished \"api\" in ~1s"}}
[debug] [2020-11-04T05:26:00.691Z] [worker-api-9203ea9d-7bcc-4f8b-99d0-e377a5d759a5]: IDLE {"metadata":{"emulator":{"name":"functions"},"message":"[worker-api-9203ea9d-7bcc-4f8b-99d0-e377a5d759a5]: IDLE"}}
[debug] [2020-11-04T05:26:00.691Z] [work-queue] {"queueLength":0,"workRunningCount":0}
